SF:lib/src/core/ds_client_connection_listener.dart
DA:8,1
DA:16,1
DA:17,2
DA:19,0
DA:20,0
DA:21,0
LF:6
LH:3
end_of_record
SF:lib/src/core/ds_client_real.dart
DA:18,1
DA:24,0
DA:25,0
DA:27,1
DA:28,2
DA:29,4
DA:31,1
DA:36,1
DA:38,2
DA:41,1
DA:42,1
DA:43,3
DA:45,1
DA:46,3
DA:48,0
DA:49,0
DA:51,0
DA:56,1
DA:58,2
DA:59,1
DA:60,1
DA:61,1
DA:62,1
DA:63,2
DA:64,2
DA:65,1
DA:66,2
DA:67,0
DA:68,0
DA:70,0
DA:74,2
DA:75,1
DA:76,2
DA:80,3
DA:81,2
DA:82,2
DA:85,0
DA:86,0
DA:91,0
DA:92,0
DA:95,0
DA:96,0
DA:101,1
DA:103,1
DA:106,0
DA:107,0
DA:108,0
DA:110,0
DA:112,0
DA:114,0
DA:118,0
DA:120,0
DA:121,0
DA:124,0
DA:129,1
DA:131,1
DA:134,0
DA:135,0
DA:137,0
DA:139,0
DA:142,0
DA:144,0
DA:145,0
DA:148,0
DA:153,0
DA:155,0
DA:160,0
DA:161,0
DA:166,0
DA:168,0
DA:171,0
DA:173,0
DA:174,0
DA:177,0
DA:183,1
DA:185,1
DA:189,0
DA:191,0
DA:195,0
DA:197,0
DA:201,0
DA:203,0
DA:207,0
DA:209,0
DA:210,0
DA:211,0
DA:212,0
DA:215,0
DA:222,1
DA:223,2
DA:224,3
DA:226,0
DA:228,0
DA:229,0
DA:231,0
DA:235,0
DA:236,0
DA:239,0
DA:240,0
DA:241,0
DA:244,2
DA:252,0
DA:256,0
DA:262,0
DA:264,0
DA:270,0
DA:272,0
DA:279,0
DA:284,0
DA:287,0
DA:296,0
DA:304,0
DA:305,0
DA:306,0
DA:314,0
DA:316,0
DA:317,0
DA:318,0
DA:327,0
DA:331,0
DA:332,0
DA:333,0
DA:341,0
DA:343,0
DA:344,0
DA:345,0
DA:349,0
DA:351,0
DA:352,0
DA:353,0
DA:357,0
DA:359,0
DA:360,0
DA:361,0
DA:365,0
DA:367,0
DA:368,0
DA:369,0
LF:138
LH:38
end_of_record
SF:lib/src/core/ds_line_socket.dart
DA:20,5
DA:27,4
DA:28,4
DA:29,1
DA:30,1
DA:31,5
DA:32,5
DA:34,5
DA:35,5
DA:36,5
DA:37,15
DA:38,10
DA:40,0
DA:41,0
DA:42,0
DA:46,5
DA:47,10
DA:48,5
DA:49,5
DA:50,15
DA:51,9
DA:52,4
DA:53,4
DA:54,16
DA:55,8
DA:56,8
DA:59,5
DA:60,2
DA:63,2
DA:64,2
DA:66,6
DA:67,3
DA:68,6
DA:69,6
DA:72,6
DA:73,2
DA:75,1
DA:76,2
DA:79,12
DA:80,4
DA:81,4
DA:82,2
DA:85,4
DA:88,5
DA:89,5
DA:90,5
DA:91,5
DA:97,10
DA:98,5
DA:102,0
DA:104,0
DA:105,0
DA:107,0
DA:110,0
DA:112,0
DA:115,0
DA:116,0
DA:117,0
DA:118,0
DA:119,0
DA:121,0
DA:126,0
DA:128,0
DA:129,0
DA:130,0
DA:132,0
DA:133,0
DA:134,0
DA:135,0
DA:136,0
DA:137,0
DA:138,0
DA:146,2
DA:148,2
DA:149,4
DA:150,4
DA:151,4
DA:152,2
LF:78
LH:52
end_of_record
SF:lib/src/core/stream_mearged.dart
DA:15,0
DA:21,0
DA:23,0
DA:24,0
DA:25,0
DA:28,0
DA:29,0
DA:31,0
DA:32,0
DA:33,0
DA:34,0
DA:35,0
DA:36,0
DA:37,0
DA:38,0
DA:39,0
DA:41,0
DA:42,0
DA:46,0
DA:47,0
DA:48,0
DA:49,0
DA:50,0
DA:51,0
DA:53,0
DA:54,0
DA:60,0
DA:61,0
DA:64,0
DA:65,0
DA:66,0
DA:67,0
DA:68,0
DA:69,0
DA:72,0
DA:77,0
LF:36
LH:0
end_of_record
SF:lib/src/core/stream_mearged_or.dart
DA:16,0
DA:18,0
DA:20,0
DA:21,0
DA:22,0
DA:25,0
DA:26,0
DA:27,0
DA:29,0
DA:30,0
DA:33,0
DA:34,0
DA:37,0
DA:40,0
DA:41,0
DA:43,0
DA:44,0
DA:46,0
DA:47,0
DA:51,0
DA:52,0
DA:54,0
DA:55,0
DA:58,0
DA:59,0
DA:60,0
DA:68,0
DA:70,0
DA:71,0
LF:29
LH:0
end_of_record
SF:lib/src/protocols/jsd_line.dart
DA:29,5
DA:35,1
DA:38,2
DA:39,1
DA:40,1
DA:42,1
DA:43,1
DA:44,4
DA:45,2
DA:46,1
DA:47,1
DA:48,1
DA:50,0
DA:51,0
DA:52,0
DA:53,0
DA:54,0
DA:55,0
DA:57,0
DA:58,0
DA:59,0
DA:60,0
DA:61,0
DA:62,0
DA:63,0
DA:65,0
DA:66,0
DA:68,0
DA:69,0
DA:70,0
DA:71,0
DA:72,0
DA:73,0
DA:74,0
DA:77,0
DA:82,0
DA:83,0
DA:84,0
DA:89,0
DA:90,0
DA:91,0
DA:92,0
DA:99,2
DA:101,2
DA:102,3
DA:103,2
DA:105,0
DA:109,0
DA:112,2
DA:113,1
DA:117,15
DA:118,2
DA:120,3
DA:121,1
DA:122,1
DA:123,1
DA:124,1
DA:125,1
DA:131,5
DA:132,20
DA:134,2
DA:138,4
DA:139,4
DA:140,8
DA:143,2
DA:144,4
DA:146,2
DA:147,4
DA:149,1
DA:151,2
DA:152,2
DA:159,1
DA:165,0
DA:168,0
DA:169,0
DA:170,0
DA:171,0
DA:172,0
DA:173,0
DA:174,0
DA:175,0
DA:176,0
DA:177,0
DA:178,0
DA:180,0
DA:181,0
DA:182,0
DA:183,0
DA:184,0
DA:185,0
DA:186,0
DA:187,0
DA:188,0
DA:190,0
DA:191,0
DA:192,0
DA:193,0
DA:194,0
DA:195,0
DA:196,0
DA:197,0
DA:198,0
DA:200,0
DA:201,0
DA:202,0
DA:203,0
DA:204,0
DA:205,0
DA:206,0
DA:207,0
DA:208,0
DA:210,0
DA:211,0
DA:212,0
DA:213,0
DA:214,0
DA:215,0
DA:216,0
DA:217,0
DA:218,0
DA:220,0
DA:221,0
DA:222,0
DA:223,0
DA:224,0
DA:225,0
DA:226,0
DA:227,0
DA:228,0
DA:230,0
DA:231,0
DA:232,0
DA:233,0
DA:234,0
DA:235,0
DA:236,0
DA:237,0
DA:238,0
DA:240,0
DA:241,0
DA:242,0
DA:243,0
DA:245,0
DA:248,0
DA:250,0
DA:251,0
DA:252,0
LF:147
LH:40
end_of_record
